===============================================================
Gobuster v3.0.1
by OJ Reeves (@TheColonial) & Christian Mehlmauer (@_FireFart_)
===============================================================
[+] Url:            http://10.10.218.165
[+] Threads:        10
[+] Wordlist:       /opt/directory-list-lowercase-2.3-medium.txt
[+] Status codes:   200,204,301,302,307,401,403
[+] User Agent:     gobuster/3.0.1
[+] Timeout:        10s
===============================================================
2020/10/23 18:19:44 Starting gobuster
===============================================================
/images (Status: 301)
/new (Status: 302)
/login (Status: 200)
/signup (Status: 200)
/admin (Status: 403)
/messages (Status: 302)
/stylesheets (Status: 301)
